2025-03-17 14:27:08,974 [INFO] Activator:176 - 


2025-03-17 14:27:08,985 [INFO] Activator:177 - !SESSION log4j initialized
2025-03-17 14:27:23,768 [INFO] LogOutputStream:77 - [STDOUT_REDIRECT] 
2025-03-17 14:27:29,024 [INFO] ApplicationProperties:184 - Using Application install path: C:\ST\STM32CubeIDE_1.16.1\STM32CubeIDE\plugins\com.st.stm32cube.common.mx_6.13.0.202411220809
2025-03-17 14:27:29,068 [INFO] DbMcusXml:78 - Set database path to: C:\ST\STM32CubeIDE_1.16.1\STM32CubeIDE\plugins\com.st.stm32cube.common.mx_6.13.0.202411220809\\db\/mcu/
2025-03-17 14:27:29,069 [INFO] ApiDb:274 - Set plugin database path to: C:\ST\STM32CubeIDE_1.16.1\STM32CubeIDE\plugins\com.st.stm32cube.common.mx_6.13.0.202411220809\\db\/plugins/boardmanager/
2025-03-17 14:27:29,076 [WARN] ApiDb:259 - Overriding images path with different value:  => C:\ST\STM32CubeIDE_1.16.1\STM32CubeIDE\plugins\com.st.stm32cube.common.mx_6.13.0.202411220809\\db\/plugins/mcufinder/images/
2025-03-17 14:27:29,111 [INFO] ApiDb:250 - Set database path to: C:\Users\mates\.stmcufinder\plugins\mcufinder//mcu/
2025-03-17 14:27:29,114 [INFO] DbMcusAds:125 - Set database path to: C:\Users\mates\.stmcufinder\plugins\mcufinder//mcu/
2025-03-17 14:27:29,121 [INFO] CrossReferenceDbSqlite:203 - Set database path to: C:\Users\mates\.stmcufinder\plugins\mcufinder//mcu/cs/
2025-03-17 14:27:29,448 [INFO] RulesReader:64 - Compatibility file has been processed (297 Rules)
2025-03-17 14:27:29,657 [INFO] DbMcusXml:78 - Set database path to: C:\ST\STM32CubeIDE_1.16.1\STM32CubeIDE\plugins\com.st.stm32cube.common.mx_6.13.0.202411220809\\db\/mcu/
2025-03-17 14:27:29,657 [INFO] ApiDb:274 - Set plugin database path to: C:\ST\STM32CubeIDE_1.16.1\STM32CubeIDE\plugins\com.st.stm32cube.common.mx_6.13.0.202411220809\\db\/plugins/boardmanager/
2025-03-17 14:27:29,657 [INFO] ApiDb:261 - Set plugin images path to: C:\ST\STM32CubeIDE_1.16.1\STM32CubeIDE\plugins\com.st.stm32cube.common.mx_6.13.0.202411220809\\db\/plugins/mcufinder/images/
2025-03-17 14:27:29,657 [WARN] DbFile:41 - Overriding database path with different value: C:\Users\mates\.stmcufinder\plugins\mcufinder/ => C:\Users\mates\.stmcufinder\plugins\mcufinder
2025-03-17 14:27:29,658 [INFO] ApiDb:250 - Set database path to: C:\Users\mates\.stmcufinder\plugins\mcufinder//mcu/
2025-03-17 14:27:29,658 [WARN] DbFile:41 - Overriding database path with different value: C:\Users\mates\.stmcufinder\plugins\mcufinder/ => C:\Users\mates\.stmcufinder\plugins\mcufinder
2025-03-17 14:27:29,658 [INFO] DbMcusAds:125 - Set database path to: C:\Users\mates\.stmcufinder\plugins\mcufinder//mcu/
2025-03-17 14:27:29,658 [WARN] DbFile:41 - Overriding database path with different value: C:\Users\mates\.stmcufinder\plugins\mcufinder/ => C:\Users\mates\.stmcufinder\plugins\mcufinder
2025-03-17 14:27:29,658 [WARN] DbFile:41 - Overriding database path with different value: C:\Users\mates\.stmcufinder\plugins\mcufinder/ => C:\Users\mates\.stmcufinder\plugins\mcufinder
2025-03-17 14:27:29,658 [INFO] CrossReferenceDbSqlite:203 - Set database path to: C:\Users\mates\.stmcufinder\plugins\mcufinder//mcu/cs/
2025-03-17 14:27:29,866 [INFO] MainPanel:272 - HeapMemory: 285212672
2025-03-17 14:27:30,130 [INFO] DbMcusXml:78 - Set database path to: C:\ST\STM32CubeIDE_1.16.1\STM32CubeIDE\plugins\com.st.stm32cube.common.mx_6.13.0.202411220809\\db\/mcu/
2025-03-17 14:27:30,130 [INFO] ApiDb:274 - Set plugin database path to: C:\ST\STM32CubeIDE_1.16.1\STM32CubeIDE\plugins\com.st.stm32cube.common.mx_6.13.0.202411220809\\db\/plugins/boardmanager/
2025-03-17 14:27:30,130 [INFO] ApiDb:261 - Set plugin images path to: C:\ST\STM32CubeIDE_1.16.1\STM32CubeIDE\plugins\com.st.stm32cube.common.mx_6.13.0.202411220809\\db\/plugins/mcufinder/images/
2025-03-17 14:27:30,132 [WARN] DbFile:41 - Overriding database path with different value: C:\Users\mates\.stmcufinder\plugins\mcufinder/ => C:\Users\mates\.stmcufinder\plugins\mcufinder
2025-03-17 14:27:30,132 [INFO] ApiDb:250 - Set database path to: C:\Users\mates\.stmcufinder\plugins\mcufinder//mcu/
2025-03-17 14:27:30,132 [WARN] DbFile:41 - Overriding database path with different value: C:\Users\mates\.stmcufinder\plugins\mcufinder/ => C:\Users\mates\.stmcufinder\plugins\mcufinder
2025-03-17 14:27:30,132 [INFO] DbMcusAds:125 - Set database path to: C:\Users\mates\.stmcufinder\plugins\mcufinder//mcu/
2025-03-17 14:27:30,133 [WARN] DbFile:41 - Overriding database path with different value: C:\Users\mates\.stmcufinder\plugins\mcufinder/ => C:\Users\mates\.stmcufinder\plugins\mcufinder
2025-03-17 14:27:30,133 [WARN] DbFile:41 - Overriding database path with different value: C:\Users\mates\.stmcufinder\plugins\mcufinder/ => C:\Users\mates\.stmcufinder\plugins\mcufinder
2025-03-17 14:27:30,133 [INFO] CrossReferenceDbSqlite:203 - Set database path to: C:\Users\mates\.stmcufinder\plugins\mcufinder//mcu/cs/
2025-03-17 14:27:30,182 [INFO] ApplicationProperties:184 - Using Application install path: C:\ST\STM32CubeIDE_1.16.1\STM32CubeIDE\plugins\com.st.stm32cube.common.mx_6.13.0.202411220809
2025-03-17 14:27:30,185 [INFO] PluginManage:196 - Search for loadable plugins [exclusion list=, ]
2025-03-17 14:27:30,190 [INFO] PluginManage:310 - Check plugin analytics
2025-03-17 14:27:30,601 [INFO] AnalyticsPlugin:253 - Accepted Software Licenses: 
2025-03-17 14:27:30,601 [INFO] AnalyticsPlugin:255 - Accepted CMSIS Pack Licenses: 
2025-03-17 14:27:30,601 [INFO] AnalyticsPlugin:257 - Accepted Firmware Licenses: FW.L4.1.18.0
2025-03-17 14:27:30,606 [INFO] PluginManage:359 - Loaded plugin analytics (category:tool,tabindex:-1)
2025-03-17 14:27:30,606 [INFO] PluginManage:310 - Check plugin cadmodel
2025-03-17 14:27:30,652 [INFO] CADModel:105 - Init CAD model plugin
2025-03-17 14:27:30,653 [INFO] PluginManage:359 - Loaded plugin cadmodel (category:power,tabindex:5)
2025-03-17 14:27:30,653 [INFO] PluginManage:310 - Check plugin clock
2025-03-17 14:27:30,694 [INFO] PluginManage:359 - Loaded plugin clock (category:base,tabindex:2)
2025-03-17 14:27:30,696 [INFO] PluginManage:310 - Check plugin ddr
2025-03-17 14:27:30,702 [INFO] PluginManage:359 - Loaded plugin ddr (category:tool,tabindex:6)
2025-03-17 14:27:30,702 [INFO] PluginManage:310 - Check plugin filemanager
2025-03-17 14:27:31,015 [INFO] PluginManage:359 - Loaded plugin filemanager (category:base,tabindex:10)
2025-03-17 14:27:31,015 [INFO] PluginManage:310 - Check plugin ipmanager
2025-03-17 14:27:31,034 [INFO] PluginManage:359 - Loaded plugin ipmanager (category:base,tabindex:5)
2025-03-17 14:27:31,034 [INFO] PluginManage:310 - Check plugin lpbam
2025-03-17 14:27:31,072 [INFO] PluginManage:359 - Loaded plugin lpbam (category:base,tabindex:0)
2025-03-17 14:27:31,072 [INFO] PluginManage:310 - Check plugin memorymap
2025-03-17 14:27:31,141 [INFO] PluginManage:359 - Loaded plugin memorymap (category:base,tabindex:4)
2025-03-17 14:27:31,141 [INFO] PluginManage:310 - Check plugin pinoutandconfiguration
2025-03-17 14:27:31,217 [INFO] PluginManage:359 - Loaded plugin pinoutandconfiguration (category:base,tabindex:1)
2025-03-17 14:27:31,217 [INFO] PluginManage:310 - Check plugin pinoutconfig
2025-03-17 14:27:31,430 [WARN] SupportedApi:132 - Cannot load RTOS API schema: s4s-elt-must-match.1: The content of 'definitions' must match (annotation?, (simpleType | complexType)?, (unique | key | keyref)*)). A problem was found starting at: attribute.
2025-03-17 14:27:31,801 [INFO] PluginManage:359 - Loaded plugin pinoutconfig (category:base,tabindex:0)
2025-03-17 14:27:31,801 [INFO] PluginManage:310 - Check plugin power
2025-03-17 14:27:31,854 [INFO] PluginManage:359 - Loaded plugin power (category:power,tabindex:4)
2025-03-17 14:27:31,855 [INFO] PluginManage:310 - Check plugin projectmanager
2025-03-17 14:27:31,889 [INFO] PluginManage:359 - Loaded plugin projectmanager (category:projectmanager,tabindex:4)
2025-03-17 14:27:31,889 [INFO] PluginManage:310 - Check plugin rif
2025-03-17 14:27:31,935 [INFO] PluginManage:359 - Loaded plugin rif (category:base,tabindex:3)
2025-03-17 14:27:31,936 [INFO] PluginManage:310 - Check plugin thirdparty
2025-03-17 14:27:32,670 [WARN] IntegrityCheckThread:84 - waiting for thirdparty lock release [integrity check]
2025-03-17 14:27:32,671 [INFO] IntegrityCheckThread:86 - entering critical section [integrity check]
2025-03-17 14:27:32,671 [INFO] ThirdPartyUpdaterWithRetryManager:70 - Updater plugin not ready yet. [1/15]
2025-03-17 14:27:32,685 [INFO] PluginManage:359 - Loaded plugin thirdparty (category:base,tabindex:-1)
2025-03-17 14:27:32,685 [INFO] PluginManage:310 - Check plugin tools
2025-03-17 14:27:32,789 [INFO] PluginManage:359 - Loaded plugin tools (category:base,tabindex:7)
2025-03-17 14:27:32,789 [INFO] PluginManage:310 - Check plugin tutovideos
2025-03-17 14:27:33,388 [INFO] PluginManage:359 - Loaded plugin tutovideos (category:base,tabindex:-1)
2025-03-17 14:27:33,388 [INFO] PluginManage:310 - Check plugin updater
2025-03-17 14:27:33,443 [INFO] PluginManage:359 - Loaded plugin updater (category:base,tabindex:12)
2025-03-17 14:27:33,443 [INFO] PluginManage:310 - Check plugin userauth
2025-03-17 14:27:33,452 [INFO] UserAuth:118 - Init User Auth plugin
2025-03-17 14:27:33,454 [INFO] PluginManage:359 - Loaded plugin userauth (category:base,tabindex:14)
2025-03-17 14:27:33,454 [INFO] PluginManage:283 - PluginManage : Loaded plugins [18]
2025-03-17 14:27:33,959 [INFO] PinOutPanel:1589 - setPackage(No Configuration,No Configuration)
2025-03-17 14:27:34,148 [INFO] CADModel:165 - CPN selected for project level
2025-03-17 14:27:34,148 [INFO] CADModel:114 - Register for checkConnection events
2025-03-17 14:27:34,206 [INFO] IPUIPlugin:80 - create IPUIPlugin
2025-03-17 14:27:34,207 [INFO] PluginManager:220 - loadIPPluginJar : add adc
2025-03-17 14:27:34,319 [INFO] IPUIPlugin:80 - create IPUIPlugin
2025-03-17 14:27:34,319 [INFO] PluginManager:220 - loadIPPluginJar : add aes
2025-03-17 14:27:34,447 [INFO] IPUIPlugin:80 - create IPUIPlugin
2025-03-17 14:27:34,448 [INFO] PluginManager:220 - loadIPPluginJar : add can
2025-03-17 14:27:34,518 [INFO] IPUIPlugin:80 - create IPUIPlugin
2025-03-17 14:27:34,518 [INFO] PluginManager:220 - loadIPPluginJar : add comp
2025-03-17 14:27:34,603 [INFO] IPUIPlugin:80 - create IPUIPlugin
2025-03-17 14:27:34,603 [INFO] PluginManager:220 - loadIPPluginJar : add cryp
2025-03-17 14:27:34,639 [INFO] IPUIPlugin:80 - create IPUIPlugin
2025-03-17 14:27:34,639 [INFO] PluginManager:220 - loadIPPluginJar : add ddr_ctrl_phy
2025-03-17 14:27:34,722 [INFO] IPUIPlugin:80 - create IPUIPlugin
2025-03-17 14:27:34,722 [INFO] PluginManager:220 - loadIPPluginJar : add dfsdm
2025-03-17 14:27:34,754 [INFO] IPUIPlugin:80 - create IPUIPlugin
2025-03-17 14:27:34,755 [INFO] PluginManager:220 - loadIPPluginJar : add dma
2025-03-17 14:27:34,885 [INFO] IPUIPlugin:80 - create IPUIPlugin
2025-03-17 14:27:34,886 [INFO] PluginManager:220 - loadIPPluginJar : add dma3
2025-03-17 14:27:35,049 [INFO] IPUIPlugin:80 - create IPUIPlugin
2025-03-17 14:27:35,050 [INFO] PluginManager:220 - loadIPPluginJar : add extmemmanager
2025-03-17 14:27:35,116 [INFO] IPUIPlugin:80 - create IPUIPlugin
2025-03-17 14:27:35,117 [INFO] PluginManager:220 - loadIPPluginJar : add fatfs
2025-03-17 14:27:35,266 [INFO] IPUIPlugin:80 - create IPUIPlugin
2025-03-17 14:27:35,266 [INFO] PluginManager:220 - loadIPPluginJar : add fmc
2025-03-17 14:27:35,301 [INFO] IPUIPlugin:80 - create IPUIPlugin
2025-03-17 14:27:35,301 [INFO] PluginManager:220 - loadIPPluginJar : add freertos
2025-03-17 14:27:35,358 [INFO] IPUIPlugin:80 - create IPUIPlugin
2025-03-17 14:27:35,358 [INFO] PluginManager:220 - loadIPPluginJar : add genericplugin
2025-03-17 14:27:35,590 [INFO] IPUIPlugin:80 - create IPUIPlugin
2025-03-17 14:27:35,590 [INFO] PluginManager:220 - loadIPPluginJar : add gfxmmu
2025-03-17 14:27:35,673 [INFO] ThirdPartyUpdaterWithRetryManager:70 - Updater plugin not ready yet. [2/15]
2025-03-17 14:27:35,882 [INFO] IPUIPlugin:80 - create IPUIPlugin
2025-03-17 14:27:35,882 [INFO] PluginManager:220 - loadIPPluginJar : add gic
2025-03-17 14:27:35,911 [INFO] IPUIPlugin:80 - create IPUIPlugin
2025-03-17 14:27:35,911 [INFO] PluginManager:220 - loadIPPluginJar : add gpio
2025-03-17 14:27:36,184 [INFO] IPUIPlugin:80 - create IPUIPlugin
2025-03-17 14:27:36,184 [INFO] PluginManager:220 - loadIPPluginJar : add gtzc
2025-03-17 14:27:36,270 [INFO] IPUIPlugin:80 - create IPUIPlugin
2025-03-17 14:27:36,270 [INFO] PluginManager:220 - loadIPPluginJar : add hash
2025-03-17 14:27:36,405 [INFO] IPUIPlugin:80 - create IPUIPlugin
2025-03-17 14:27:36,406 [INFO] PluginManager:220 - loadIPPluginJar : add i2c
2025-03-17 14:27:36,498 [INFO] IPUIPlugin:80 - create IPUIPlugin
2025-03-17 14:27:36,498 [INFO] PluginManager:220 - loadIPPluginJar : add i2s
2025-03-17 14:27:36,596 [INFO] IPUIPlugin:80 - create IPUIPlugin
2025-03-17 14:27:36,596 [INFO] PluginManager:220 - loadIPPluginJar : add i3c
2025-03-17 14:27:36,854 [INFO] IPUIPlugin:80 - create IPUIPlugin
2025-03-17 14:27:36,854 [INFO] PluginManager:220 - loadIPPluginJar : add ipddr
2025-03-17 14:27:37,109 [INFO] IPUIPlugin:80 - create IPUIPlugin
2025-03-17 14:27:37,110 [INFO] PluginManager:220 - loadIPPluginJar : add linkedlist
2025-03-17 14:27:37,190 [INFO] IPUIPlugin:80 - create IPUIPlugin
2025-03-17 14:27:37,190 [INFO] PluginManager:220 - loadIPPluginJar : add lorawan
2025-03-17 14:27:37,275 [INFO] IPUIPlugin:80 - create IPUIPlugin
2025-03-17 14:27:37,275 [INFO] PluginManager:220 - loadIPPluginJar : add ltdc
2025-03-17 14:27:37,302 [INFO] IPUIPlugin:80 - create IPUIPlugin
2025-03-17 14:27:37,302 [INFO] PluginManager:220 - loadIPPluginJar : add mdma
2025-03-17 14:27:37,341 [INFO] IPUIPlugin:80 - create IPUIPlugin
2025-03-17 14:27:37,341 [INFO] PluginManager:220 - loadIPPluginJar : add nvic
2025-03-17 14:27:37,451 [INFO] IPUIPlugin:80 - create IPUIPlugin
2025-03-17 14:27:37,451 [INFO] PluginManager:220 - loadIPPluginJar : add opamp
2025-03-17 14:27:37,607 [INFO] IPUIPlugin:80 - create IPUIPlugin
2025-03-17 14:27:37,607 [INFO] PluginManager:220 - loadIPPluginJar : add openamp
2025-03-17 14:27:37,734 [INFO] IPUIPlugin:80 - create IPUIPlugin
2025-03-17 14:27:37,734 [INFO] PluginManager:220 - loadIPPluginJar : add pdm2pcm
2025-03-17 14:27:37,767 [INFO] IPUIPlugin:80 - create IPUIPlugin
2025-03-17 14:27:37,771 [INFO] PluginManager:220 - loadIPPluginJar : add plateformsettings
2025-03-17 14:27:37,831 [INFO] IPUIPlugin:80 - create IPUIPlugin
2025-03-17 14:27:37,831 [INFO] PluginManager:220 - loadIPPluginJar : add quadspi
2025-03-17 14:27:37,903 [INFO] IPUIPlugin:80 - create IPUIPlugin
2025-03-17 14:27:37,904 [INFO] PluginManager:220 - loadIPPluginJar : add radio
2025-03-17 14:27:37,934 [INFO] IPUIPlugin:80 - create IPUIPlugin
2025-03-17 14:27:37,934 [INFO] PluginManager:220 - loadIPPluginJar : add resmgrutility
2025-03-17 14:27:38,067 [INFO] IPUIPlugin:80 - create IPUIPlugin
2025-03-17 14:27:38,067 [INFO] PluginManager:220 - loadIPPluginJar : add sai
2025-03-17 14:27:38,167 [INFO] IPUIPlugin:80 - create IPUIPlugin
2025-03-17 14:27:38,167 [INFO] PluginManager:220 - loadIPPluginJar : add spi
2025-03-17 14:27:38,340 [INFO] IPUIPlugin:80 - create IPUIPlugin
2025-03-17 14:27:38,340 [INFO] PluginManager:220 - loadIPPluginJar : add stm32_wpan
2025-03-17 14:27:38,402 [INFO] IPUIPlugin:80 - create IPUIPlugin
2025-03-17 14:27:38,402 [INFO] PluginManager:220 - loadIPPluginJar : add tim
2025-03-17 14:27:38,553 [INFO] IPUIPlugin:80 - create IPUIPlugin
2025-03-17 14:27:38,555 [INFO] PluginManager:220 - loadIPPluginJar : add touchsensing
2025-03-17 14:27:38,607 [INFO] IPUIPlugin:80 - create IPUIPlugin
2025-03-17 14:27:38,607 [INFO] PluginManager:220 - loadIPPluginJar : add tracer_emb
2025-03-17 14:27:38,659 [INFO] IPUIPlugin:80 - create IPUIPlugin
2025-03-17 14:27:38,660 [INFO] PluginManager:220 - loadIPPluginJar : add ts
2025-03-17 14:27:38,675 [INFO] ThirdPartyUpdaterWithRetryManager:70 - Updater plugin not ready yet. [3/15]
2025-03-17 14:27:38,713 [INFO] IPUIPlugin:80 - create IPUIPlugin
2025-03-17 14:27:38,713 [INFO] PluginManager:220 - loadIPPluginJar : add tsc
2025-03-17 14:27:38,761 [INFO] IPUIPlugin:80 - create IPUIPlugin
2025-03-17 14:27:38,762 [INFO] PluginManager:220 - loadIPPluginJar : add ucpd
2025-03-17 14:27:38,876 [INFO] IPUIPlugin:80 - create IPUIPlugin
2025-03-17 14:27:38,878 [INFO] PluginManager:220 - loadIPPluginJar : add usart
2025-03-17 14:27:38,997 [INFO] IPUIPlugin:80 - create IPUIPlugin
2025-03-17 14:27:38,997 [INFO] PluginManager:220 - loadIPPluginJar : add usbx
2025-03-17 14:27:39,229 [FATAL] Updater:351 - Updater called before beeing initialized
2025-03-17 14:27:39,295 [INFO] RulesReader:64 - Compatibility file has been processed (297 Rules)
2025-03-17 14:27:39,319 [INFO] RulesReader:64 - Compatibility file has been processed (297 Rules)
2025-03-17 14:27:39,335 [INFO] CADModel:165 - CPN selected for project level
2025-03-17 14:27:39,335 [INFO] CADModel:114 - Register for checkConnection events
2025-03-17 14:27:39,336 [FATAL] Updater:351 - Updater called before beeing initialized
2025-03-17 14:27:39,336 [ERROR] CADModel:125 - Updater not yet initialized, retry later 
2025-03-17 14:27:39,697 [FATAL] Updater:351 - Updater called before beeing initialized
2025-03-17 14:27:39,701 [INFO] CADModel:165 - CPN selected for project level
2025-03-17 14:27:39,701 [INFO] CADModel:114 - Register for checkConnection events
2025-03-17 14:27:39,701 [FATAL] Updater:351 - Updater called before beeing initialized
2025-03-17 14:27:39,702 [ERROR] CADModel:125 - Updater not yet initialized, retry later 
2025-03-17 14:27:39,707 [FATAL] Updater:351 - Updater called before beeing initialized
2025-03-17 14:27:39,933 [FATAL] Updater:351 - Updater called before beeing initialized
2025-03-17 14:27:39,959 [INFO] DbMcusAds:53 - JSON generation date=Tue Dec 17 17:01:15 CET 2024 (1734451275111)
2025-03-17 14:27:39,959 [FATAL] Updater:351 - Updater called before beeing initialized
2025-03-17 14:27:40,043 [WARN] DetailPanel:346 - Failed to get advertising image, set to default
2025-03-17 14:27:40,623 [FATAL] Updater:351 - Updater called before beeing initialized
2025-03-17 14:27:40,626 [FATAL] Updater:351 - Updater called before beeing initialized
2025-03-17 14:27:40,626 [FATAL] Updater:351 - Updater called before beeing initialized
2025-03-17 14:27:40,627 [WARN] DetailPanel:346 - Failed to get advertising image, set to default
2025-03-17 14:27:40,628 [FATAL] Updater:351 - Updater called before beeing initialized
2025-03-17 14:27:40,827 [ERROR] Updater:1198 - MainUpdater not yet initialized. External WinMGr cannot be set.
2025-03-17 14:27:40,855 [INFO] Updater:1134 - Updater Version found : 6.13.0
2025-03-17 14:27:40,950 [INFO] ApplicationProperties:184 - Using Application install path: C:\ST\STM32CubeIDE_1.16.1\STM32CubeIDE\plugins\com.st.stm32cube.common.mx_6.13.0.202411220809
2025-03-17 14:27:41,675 [INFO] ThirdPartyUpdaterWithRetryManager:70 - Updater plugin not ready yet. [4/15]
2025-03-17 14:27:42,568 [ERROR] LogOutputStream:75 - [STDERR_REDIRECT] Mar 17, 2025 2:27:42 PM java.util.prefs.WindowsPreferences <init>
2025-03-17 14:27:42,574 [ERROR] LogOutputStream:75 - [STDERR_REDIRECT] WARNING: Could not open/create prefs root node Software\JavaSoft\Prefs at root 0xffffffff80000002. Windows RegCreateKeyEx(...) returned error code 5.
2025-03-17 14:27:42,574 [ERROR] LogOutputStream:75 - [STDERR_REDIRECT] 
2025-03-17 14:27:43,303 [INFO] MainUpdater:2872 - connection check result : 10
2025-03-17 14:27:43,304 [INFO] MainUpdater:3566 - Updater definition file requires update
2025-03-17 14:27:43,306 [INFO] MainUpdater:289 - Updater Check For Update Now.
2025-03-17 14:27:43,306 [INFO] MicroXplorer:498 - Change Database Version : DB.6.0.130
2025-03-17 14:27:43,341 [INFO] McuFinderGlobals:63 - Set McuFinder mode to 2 (CubeIDE integrated)
2025-03-17 14:27:43,356 [INFO] UserAuth:486 - Internet connection configuration mode: 1
2025-03-17 14:27:43,415 [INFO] JxBrowserEngine:152 - Initiate JxBrowser Engine with user profile folder
2025-03-17 14:27:43,631 [INFO] ServerAccessManage:473 - Download File updaters.zip
2025-03-17 14:27:43,948 [INFO] FileExtend:240 - Unzip File : updaters.zip
2025-03-17 14:27:43,949 [INFO] FileExtend:255 - Standard Zip Deflate
2025-03-17 14:27:44,678 [WARN] MainUpdater:1193 - Updater busy. Cannot search thirdparties
2025-03-17 14:27:44,687 [INFO] ThirdPartyUpdaterWithRetryManager:96 - Updater plugin is busy. [1/15]
2025-03-17 14:27:45,737 [INFO] ServerAccessManage:473 - Download File PacksControlFlags.xml
2025-03-17 14:27:46,036 [INFO] ServerAccessManage:473 - Download File cubemx.pidx
2025-03-17 14:27:47,050 [INFO] WebApp:168 - Instantiating new browser for Auth
2025-03-17 14:27:47,113 [INFO] ServerAccessManage:473 - Download File STMicroelectronics.FP-SNS-FLIGHT1.pdsc
2025-03-17 14:27:47,690 [WARN] MainUpdater:1193 - Updater busy. Cannot search thirdparties
2025-03-17 14:27:47,691 [INFO] ThirdPartyUpdaterWithRetryManager:96 - Updater plugin is busy. [2/15]
2025-03-17 14:27:49,596 [INFO] WebApp:449 - Apply proxy settings
2025-03-17 14:27:49,597 [INFO] WebApp:534 - Chromium requires no authentication
2025-03-17 14:27:49,646 [INFO] WebApp:477 - Direct internet connection detected
2025-03-17 14:27:49,751 [INFO] WebApp:880 - Register for checkConnection events
2025-03-17 14:27:49,751 [INFO] WebApp:449 - Apply proxy settings
2025-03-17 14:27:49,753 [INFO] WebApp:534 - Chromium requires no authentication
2025-03-17 14:27:49,755 [INFO] WebApp:477 - Direct internet connection detected
2025-03-17 14:27:49,773 [INFO] ServerAccessManage:473 - Download File STMicroelectronics.X-CUBE-AZRTOS-H7RS.pdsc
2025-03-17 14:27:50,007 [INFO] WebApp:187 - Connection restablished
2025-03-17 14:27:50,694 [WARN] MainUpdater:1193 - Updater busy. Cannot search thirdparties
2025-03-17 14:27:50,695 [INFO] ThirdPartyUpdaterWithRetryManager:96 - Updater plugin is busy. [3/15]
2025-03-17 14:27:50,742 [INFO] WebApp:221 - Starting web application
2025-03-17 14:27:50,743 [INFO] WebApp:579 - Web application path used C:\ST\STM32CubeIDE_1.16.1\STM32CubeIDE\plugins\com.st.stm32cube.common.mx_6.13.0.202411220809\db\plugins\mcufinder\reactClient1\index.html
2025-03-17 14:27:51,129 [INFO] UserAuth:486 - Internet connection configuration mode: 1
2025-03-17 14:27:52,267 [WARN] PackLoader:240 - Cannot read IP mode file for STMicroelectronics.FP-SNS-FLIGHT1.5.1.0
2025-03-17 14:27:52,364 [WARN] PackLoader:240 - Cannot read IP mode file for STMicroelectronics.X-CUBE-AZRTOS-H7RS.1.1.0
2025-03-17 14:27:52,377 [INFO] PopulateThirdPartyThread:66 - Ending populate Thread
2025-03-17 14:27:52,382 [INFO] ThirdParty:1030 - CMSIS Pack Vendor :STMicroelectronics FP-SNS-FLIGHT1 5.1.0
2025-03-17 14:27:52,382 [INFO] ThirdParty:1030 - CMSIS Pack Vendor :STMicroelectronics X-CUBE-AZRTOS-H7RS 1.1.0
2025-03-17 14:27:52,383 [INFO] LoadServerUpdatesThread:375 - End of LoadServerUpdate Thread
2025-03-17 14:27:52,511 [INFO] CheckServerUpdateThread:120 - End of CheckServer Thread
2025-03-17 14:27:54,564 [WARN] PackLoader:240 - Cannot read IP mode file for STMicroelectronics.FP-SNS-MOTENVWB1.1.4.0
2025-03-17 14:27:54,586 [WARN] PackLoader:240 - Cannot read IP mode file for STMicroelectronics.FP-ATR-ASTRA1.2.0.2
2025-03-17 14:27:54,635 [WARN] PackLoader:240 - Cannot read IP mode file for STMicroelectronics.FP-ATR-ASTRA1.2.0.1
2025-03-17 14:27:54,702 [WARN] PackLoader:240 - Cannot read IP mode file for STMicroelectronics.X-CUBE-SMBUS.2.1.0
2025-03-17 14:27:54,777 [WARN] PackLoader:240 - Cannot read IP mode file for STMicroelectronics.X-CUBE-WB05N.1.1.0
2025-03-17 14:27:54,881 [WARN] PackLoader:240 - Cannot read IP mode file for STMicroelectronics.X-CUBE-AZRTOS-F7.1.1.0
2025-03-17 14:27:55,152 [WARN] PackLoader:240 - Cannot read IP mode file for STMicroelectronics.X-CUBE-MEMS1.11.0.0
2025-03-17 14:27:55,627 [WARN] PackLoader:240 - Cannot read IP mode file for STMicroelectronics.FP-SNS-FLIGHT1.5.0.2
2025-03-17 14:27:55,682 [WARN] PackLoader:240 - Cannot read IP mode file for STMicroelectronics.X-CUBE-DISPLAY.3.0.0
2025-03-17 14:27:55,737 [WARN] PackLoader:240 - Cannot read IP mode file for STMicroelectronics.X-CUBE-BLE1.7.0.0
2025-03-17 14:27:55,818 [WARN] PackLoader:240 - Cannot read IP mode file for STMicroelectronics.X-CUBE-NFC10.1.0.0
2025-03-17 14:27:55,903 [WARN] PackLoader:240 - Cannot read IP mode file for STMicroelectronics.X-CUBE-BLEMGR.4.0.0
2025-03-17 14:27:55,964 [WARN] PackLoader:240 - Cannot read IP mode file for emotas.I-CUBE-CANOPEN.1.3.0
2025-03-17 14:27:56,033 [WARN] PackLoader:240 - Cannot read IP mode file for STMicroelectronics.X-CUBE-BLEMGR.3.1.0
2025-03-17 14:27:56,106 [WARN] PackLoader:240 - Cannot read IP mode file for STMicroelectronics.X-CUBE-AI.10.0.0
2025-03-17 14:27:56,187 [WARN] PackLoader:240 - Cannot read IP mode file for STMicroelectronics.FP-SNS-SMARTAG2.1.2.0
2025-03-17 14:27:56,220 [WARN] PackLoader:240 - Cannot read IP mode file for STMicroelectronics.FP-SNS-FLIGHT1.5.1.0
2025-03-17 14:27:56,416 [WARN] PackLoader:240 - Cannot read IP mode file for STMicroelectronics.X-CUBE-MEMS1.11.1.0
2025-03-17 14:27:56,895 [INFO] LogOutputStream:77 - [STDOUT_REDIRECT] 1 : Invalid condition id : UX_CORESTACK_Condition cause : null
2025-03-17 14:27:56,899 [INFO] LogOutputStream:77 - [STDOUT_REDIRECT] 1 : Invalid condition id : UX_CORESTACK_Condition cause : null
2025-03-17 14:27:56,907 [INFO] LogOutputStream:77 - [STDOUT_REDIRECT] 1 : Invalid condition id : UX_CORESTACK_Condition cause : null
2025-03-17 14:27:56,911 [INFO] LogOutputStream:77 - [STDOUT_REDIRECT] 1 : Invalid condition id : UX_CORESTACK_Condition cause : null
2025-03-17 14:27:56,914 [INFO] LogOutputStream:77 - [STDOUT_REDIRECT] 1 : Invalid condition id : UX_CORESTACK_Condition cause : null
2025-03-17 14:27:56,928 [WARN] PackLoader:240 - Cannot read IP mode file for STMicroelectronics.X-CUBE-AZRTOS-WL.2.0.0
2025-03-17 14:27:57,004 [WARN] PackLoader:240 - Cannot read IP mode file for STMicroelectronics.FP-SNS-MOTENV1.5.0.0
2025-03-17 14:27:57,024 [WARN] PackLoader:240 - Cannot read IP mode file for wolfSSL.I-CUBE-wolfMQTT.1.19.0
2025-03-17 14:27:57,067 [WARN] PackLoader:240 - Cannot read IP mode file for WES.I-CUBE-Cesium.1.3.0
2025-03-17 14:27:57,104 [WARN] PackLoader:240 - Cannot read IP mode file for STMicroelectronics.X-CUBE-BLE2.3.3.0
2025-03-17 14:27:57,139 [WARN] PackLoader:240 - Cannot read IP mode file for STMicroelectronics.X-CUBE-NFC9.1.0.0
2025-03-17 14:27:57,210 [WARN] PackLoader:240 - Cannot read IP mode file for STMicroelectronics.X-CUBE-BLE1.7.1.0
2025-03-17 14:27:57,244 [WARN] PackLoader:240 - Cannot read IP mode file for STMicroelectronics.X-CUBE-TCPP.4.1.0
2025-03-17 14:27:57,310 [WARN] PackLoader:240 - Cannot read IP mode file for STMicroelectronics.X-CUBE-AZRTOS-G0.1.1.0
2025-03-17 14:27:57,352 [WARN] PackLoader:240 - Cannot read IP mode file for STMicroelectronics.X-CUBE-SAFEA1.1.2.2
2025-03-17 14:27:57,410 [WARN] PackLoader:240 - Cannot read IP mode file for STMicroelectronics.X-CUBE-NFC4.3.0.0
2025-03-17 14:27:57,470 [WARN] PackLoader:240 - Cannot read IP mode file for EmbeddedOffice.I-CUBE-FS-RTOS.1.0.1
2025-03-17 14:27:57,503 [WARN] PackLoader:240 - Cannot read IP mode file for STMicroelectronics.X-CUBE-TCPP.4.2.0
2025-03-17 14:27:57,541 [WARN] PackLoader:240 - Cannot read IP mode file for RealThread.X-CUBE-RT-Thread_Nano.4.1.1
2025-03-17 14:27:57,556 [WARN] PackLoader:240 - Cannot read IP mode file for STMicroelectronics.FP-ATR-SIGFOX1.3.2.0
2025-03-17 14:27:57,589 [WARN] PackLoader:240 - Cannot read IP mode file for wolfSSL.I-CUBE-wolfSSL.5.7.2
2025-03-17 14:27:57,614 [WARN] ConditionMgr:438 - getConditionDescription Invalid condition id : Cortex-A Device cause : null
2025-03-17 14:27:57,688 [WARN] ConditionMgr:1044 - genDependencies : Invalid condition id : Cortex-A Device cause : null
2025-03-17 14:27:57,689 [WARN] ConditionMgr:1044 - genDependencies : Invalid condition id : Cortex-A Device cause : null
2025-03-17 14:27:57,689 [WARN] ConditionMgr:1044 - genDependencies : Invalid condition id : Cortex-A Device cause : null
2025-03-17 14:27:57,727 [WARN] PackLoader:240 - Cannot read IP mode file for STMicroelectronics.X-CUBE-EEPRMA1.5.1.0
2025-03-17 14:27:57,781 [WARN] PackLoader:240 - Cannot read IP mode file for ITTIA_DB.I-CUBE-ITTIADB.8.9.0
2025-03-17 14:27:57,859 [WARN] PackLoader:240 - Cannot read IP mode file for SEGGER.I-CUBE-embOS.1.3.1
2025-03-17 14:27:57,954 [WARN] PackLoader:240 - Cannot read IP mode file for STMicroelectronics.X-CUBE-ALGOBUILD.1.4.0
2025-03-17 14:27:57,983 [WARN] PackLoader:240 - Cannot read IP mode file for STMicroelectronics.X-CUBE-AI.9.1.0
2025-03-17 14:27:58,071 [WARN] PackLoader:240 - Cannot read IP mode file for STMicroelectronics.X-CUBE-AZRTOS-F4.1.1.0
2025-03-17 14:27:58,107 [WARN] PackLoader:240 - Cannot read IP mode file for STMicroelectronics.X-CUBE-ISPU.2.1.0
2025-03-17 14:27:58,155 [WARN] PackLoader:240 - Cannot read IP mode file for STMicroelectronics.X-CUBE-FREERTOS.1.2.0
2025-03-17 14:27:58,254 [WARN] PackLoader:240 - Cannot read IP mode file for STMicroelectronics.X-CUBE-AZRTOS-L5.2.0.0
2025-03-17 14:27:58,296 [WARN] PackLoader:240 - Cannot read IP mode file for STMicroelectronics.X-CUBE-NFC6.3.1.0
2025-03-17 14:27:58,338 [WARN] PackLoader:240 - Cannot read IP mode file for STMicroelectronics.X-CUBE-DPower.1.2.0
2025-03-17 14:27:58,369 [WARN] PackLoader:240 - Cannot read IP mode file for STMicroelectronics.X-CUBE-FREERTOS.1.3.0
2025-03-17 14:27:58,424 [WARN] PackLoader:240 - Cannot read IP mode file for STMicroelectronics.X-CUBE-NFC7.1.0.1
2025-03-17 14:27:58,512 [WARN] ConditionMgr:438 - getConditionDescription Invalid condition id : LAN8742 Phy interface Condition cause : null
2025-03-17 14:27:58,512 [WARN] PackLoader:240 - Cannot read IP mode file for STMicroelectronics.X-CUBE-AZRTOS-L4.2.0.0
2025-03-17 14:27:58,514 [WARN] ConditionMgr:1044 - genDependencies : Invalid condition id : LAN8742 Phy interface Condition cause : null
2025-03-17 14:27:58,515 [WARN] ConditionMgr:1044 - genDependencies : Invalid condition id : LAN8742 Phy interface Condition cause : null
2025-03-17 14:27:58,515 [WARN] ConditionMgr:1044 - genDependencies : Invalid condition id : LAN8742 Phy interface Condition cause : null
2025-03-17 14:27:58,557 [WARN] PackLoader:240 - Cannot read IP mode file for STMicroelectronics.X-CUBE-SFXS2LP1.4.0.0
2025-03-17 14:27:58,643 [WARN] PackLoader:240 - Cannot read IP mode file for STMicroelectronics.X-CUBE-AZRTOS-H7.3.3.0
2025-03-17 14:27:58,709 [WARN] PackLoader:240 - Cannot read IP mode file for STMicroelectronics.X-CUBE-IPS.3.0.0
2025-03-17 14:27:58,853 [WARN] ConditionMgr:438 - getConditionDescription Invalid condition id : UX DEVICE CLASS RTOS Condition cause : null
2025-03-17 14:27:58,853 [WARN] ConditionMgr:438 - getConditionDescription Invalid condition id : UX DEVICE CLASS RTOS Condition cause : null
2025-03-17 14:27:58,858 [WARN] PackLoader:240 - Cannot read IP mode file for STMicroelectronics.X-CUBE-AZRTOS-WB.2.0.0
2025-03-17 14:27:58,859 [WARN] ConditionMgr:1044 - genDependencies : Invalid condition id : UX DEVICE CLASS RTOS Condition cause : null
2025-03-17 14:27:58,859 [WARN] ConditionMgr:1044 - genDependencies : Invalid condition id : UX DEVICE CLASS RTOS Condition cause : null
2025-03-17 14:27:58,860 [WARN] ConditionMgr:1044 - genDependencies : Invalid condition id : UX DEVICE CLASS RTOS Condition cause : null
2025-03-17 14:27:58,860 [WARN] ConditionMgr:1044 - genDependencies : Invalid condition id : UX DEVICE CLASS RTOS Condition cause : null
2025-03-17 14:27:58,860 [WARN] ConditionMgr:1044 - genDependencies : Invalid condition id : UX DEVICE CLASS RTOS Condition cause : null
2025-03-17 14:27:58,990 [WARN] PackLoader:240 - Cannot read IP mode file for STMicroelectronics.X-CUBE-GNSS1.7.0.0
2025-03-17 14:27:59,047 [WARN] PackLoader:240 - Cannot read IP mode file for STMicroelectronics.X-CUBE-GNSS1.7.0.1
2025-03-17 14:27:59,082 [WARN] PackLoader:240 - Cannot read IP mode file for STMicroelectronics.X-CUBE-TOUCHGFX.4.25.0
2025-03-17 14:27:59,186 [WARN] PackLoader:240 - Cannot read IP mode file for STMicroelectronics.FP-SNS-STBOX1.2.0.0
2025-03-17 14:27:59,235 [WARN] PackLoader:240 - Cannot read IP mode file for STMicroelectronics.X-CUBE-SUBG2.5.0.0
2025-03-17 14:27:59,293 [WARN] PackLoader:240 - Cannot read IP mode file for STMicroelectronics.X-CUBE-AZRTOS-H7RS.1.1.0
2025-03-17 14:27:59,331 [WARN] PackLoader:240 - Cannot read IP mode file for Cesanta.I-CUBE-Mongoose.7.13.0
2025-03-17 14:27:59,444 [WARN] PackLoader:240 - Cannot read IP mode file for STMicroelectronics.X-CUBE-AZRTOS-G4.2.0.0
2025-03-17 14:27:59,530 [WARN] PackLoader:240 - Cannot read IP mode file for STMicroelectronics.X-CUBE-IPS.3.1.0
2025-03-17 14:27:59,626 [WARN] PackLoader:240 - Cannot read IP mode file for STMicroelectronics.X-CUBE-ALS.1.0.2
2025-03-17 14:27:59,675 [WARN] PackLoader:240 - Cannot read IP mode file for STMicroelectronics.X-CUBE-TOUCHGFX.4.24.2
2025-03-17 14:27:59,731 [WARN] PackLoader:240 - Cannot read IP mode file for STMicroelectronics.X-CUBE-TOUCHGFX.4.24.1
2025-03-17 14:27:59,742 [WARN] PackLoader:240 - Cannot read IP mode file for wolfSSL.I-CUBE-wolfTPM.3.4.0
2025-03-17 14:27:59,837 [WARN] PackLoader:240 - Cannot read IP mode file for portGmbH.I-Cube-SoM-uGOAL.1.1.0
2025-03-17 14:27:59,941 [WARN] PackLoader:240 - Cannot read IP mode file for STMicroelectronics.X-CUBE-AZRTOS-H7RS.1.0.0
2025-03-17 14:28:00,003 [WARN] PackLoader:240 - Cannot read IP mode file for STMicroelectronics.FP-ATR-ASTRA1.2.0.0
2025-03-17 14:28:00,125 [WARN] PackLoader:240 - Cannot read IP mode file for STMicroelectronics.X-CUBE-TOF1.3.4.2
2025-03-17 14:28:00,210 [WARN] PackLoader:240 - Cannot read IP mode file for Infineon.AIROC-Wi-Fi-Bluetooth-STM32.1.6.1
2025-03-17 14:28:00,298 [WARN] PackLoader:240 - Cannot read IP mode file for wolfSSL.I-CUBE-wolfSSH.1.4.17
2025-03-17 14:28:00,299 [INFO] ThirdParty:978 - Integrity check success = true
2025-03-17 14:28:00,299 [INFO] IntegrityCheckThread:100 - exiting critical section [integrity check]
2025-03-17 14:28:00,300 [INFO] IntegrityCheckThread:103 - End integrity checks thread
